<?xml version="1.0" encoding="UTF-8"?>
<!-- Generated by org.testng.reporters.JUnitReportReporter -->
<testsuite skipped="0" hostname="LAPTOP-9TOO7350" name="com.gradle.testng.TestNGDemo" tests="3" failures="0" timestamp="2020-12-13T13:53:53 IST" time="0.133" errors="0">
  <testcase name="webTitleTest" time="0.006" classname="com.gradle.testng.TestNGDemo"/>
  <system-out/>
  <testcase name="webTagTest" time="0.064" classname="com.gradle.testng.TestNGDemo"/>
  <system-out/>
  <testcase name="webTest" time="0.063" classname="com.gradle.testng.TestNGDemo"/>
  <system-out/>
</testsuite> <!-- com.gradle.testng.TestNGDemo -->
